================================================================================
COMPLETE SID CONVERSION PIPELINE WITH VALIDATION
================================================================================

Found 18 SID files
Output directory: output\SIDSF2player_Complete_Pipeline
Started: 2025-12-06 19:10:04

Pipeline Steps:
  [1] SID -> SF2 conversion
  [2] SF2 -> SID packing
  [3] Siddump generation (original + exported)
  [4] WAV rendering (original + exported)
  [5] Hexdump generation (original + exported)
  [6] SIDwinder trace generation (original + exported)
  [7] Info.txt report generation
  [8] Annotated disassembly generation
  [9] SIDwinder disassembly generation (original + exported)
  [10] Validation check


[1/18] Processing: Aint_Somebody.sid
--------------------------------------------------------------------------------
  Type: SF2_PACKED
  Name: Ain't Somebody

  [1/12] Converting SID -> SF2...
Packed SID: load=$1000, size=5,036
Original SF2: load=$0D7E, size=7,656

Extracting tables from packed SID and injecting into original structure:

Instruments     $1040: 5/192 (  2.6%) - injected
Commands        $1100: 9/224 (  4.0%) - injected
Wave            $11E0: 21/512 (  4.1%) - injected
Pulse           $13E0: 11/768 (  1.4%) - injected
Filter          $16E0: 121/768 ( 15.8%) - injected
Arpeggio        $19E0: 3/256 (  1.2%) - injected
Tempo           $1AE0: 21/256 (  8.2%) - injected

Created: output\SIDSF2player_Complete_Pipeline\Aint_Somebody\New\Aint_Somebody.sf2
Size: 7,656 bytes
        [OK] Method: TEMPLATE

  [2/12] Packing SF2 -> SID...
        [OK] Size: 13044 bytes

  [3/12] Generating siddumps...
        Original: [OK]
        Exported: [OK]

  [4/12] Rendering WAV files... [SKIPPED - use SID2WAV manually if needed]

  [5/12] Generating hexdumps...
        Original: [OK]
        Exported: [OK]

  [6/12] Generating SIDwinder traces...
        Original: [OK]
        Exported: [WARN - needs rebuilt SIDwinder]

  [7/12] Generating info.txt...
        [OK]

  [8/12] Generating annotated disassembly...
        [OK]

  [9/12] Generating SIDwinder disassembly...
        Original: [OK]
        Exported: [ERROR]

  [10/12] Validating completion...
        Files: 13/14
        Missing: New/Aint_Somebody_exported_sidwinder.asm...
        Status: [PARTIAL]

[2/18] Processing: Broware.sid
--------------------------------------------------------------------------------
  Type: LAXITY
  Name: Broware

  [1/12] Converting SID -> SF2...
        [OK] Method: LAXITY

  [2/12] Packing SF2 -> SID...
        [OK] Size: 10703 bytes

  [3/12] Generating siddumps...
        Original: [OK]
        Exported: [OK]

  [4/12] Rendering WAV files... [SKIPPED - use SID2WAV manually if needed]

  [5/12] Generating hexdumps...
        Original: [OK]
        Exported: [OK]

  [6/12] Generating SIDwinder traces...
        Original: [OK]
        Exported: [OK]

  [7/12] Generating info.txt...
        [OK]

  [8/12] Generating annotated disassembly...
        [OK]

  [9/12] Generating SIDwinder disassembly...
        Original: [OK]
        Exported: [OK]

  [10/12] Validating completion...
        Files: 14/14
        Status: [COMPLETE]

[3/18] Processing: Cocktail_to_Go_tune_3.sid
--------------------------------------------------------------------------------
  Type: SF2_PACKED
  Name: Cocktail to Go (tune 3)

  [1/12] Converting SID -> SF2...
Packed SID: load=$1000, size=4,418
Original SF2: load=$0D7E, size=7,656

Extracting tables from packed SID and injecting into original structure:

Instruments     $1040: 17/192 (  8.9%) - injected
Commands        $1100: 5/224 (  2.2%) - injected
Wave            $11E0: 15/512 (  2.9%) - injected
Pulse           $13E0: 9/768 (  1.2%) - injected
Filter          $16E0: 198/768 ( 25.8%) - injected
Arpeggio        $19E0: 21/256 (  8.2%) - injected
Tempo           $1AE0: 32/256 ( 12.5%) - injected

Created: output\SIDSF2player_Complete_Pipeline\Cocktail_to_Go_tune_3\New\Cocktail_to_Go_tune_3.sf2
Size: 7,656 bytes
        [OK] Method: TEMPLATE

  [2/12] Packing SF2 -> SID...
        [OK] Size: 13060 bytes

  [3/12] Generating siddumps...
        Original: [OK]
        Exported: [OK]

  [4/12] Rendering WAV files... [SKIPPED - use SID2WAV manually if needed]

  [5/12] Generating hexdumps...
        Original: [OK]
        Exported: [OK]

  [6/12] Generating SIDwinder traces...
        Original: [OK]
        Exported: [OK]

  [7/12] Generating info.txt...
        [OK]

  [8/12] Generating annotated disassembly...
        [OK]

  [9/12] Generating SIDwinder disassembly...
        Original: [OK]
        Exported: [OK]

  [10/12] Validating completion...
        Files: 14/14
        Status: [COMPLETE]

[4/18] Processing: Driver 11 Test - Arpeggio.sid
--------------------------------------------------------------------------------
  Type: SF2_PACKED
  Name: Driver 11 Test - Arpeggio

  [1/12] Converting SID -> SF2...
Packed SID: load=$1000, size=6,978
Original SF2: load=$0D7E, size=7,656

Extracting tables from packed SID and injecting into original structure:

Instruments     $1040: 192/192 (100.0%) - injected
Commands        $1100: 224/224 (100.0%) - injected
Wave            $11E0: 512/512 (100.0%) - injected
Pulse           $13E0: 768/768 (100.0%) - injected
Filter          $16E0: 768/768 (100.0%) - injected
Arpeggio        $19E0: 256/256 (100.0%) - injected
Tempo           $1AE0: 256/256 (100.0%) - injected

Created: output\SIDSF2player_Complete_Pipeline\Driver 11 Test - Arpeggio\New\Driver 11 Test - Arpeggio.sf2
Size: 7,656 bytes
        [OK] Method: REFERENCE

  [2/12] Packing SF2 -> SID...
        [OK] Size: 6900 bytes

  [3/12] Generating siddumps...
        Original: [OK]
        Exported: [OK]

  [4/12] Rendering WAV files... [SKIPPED - use SID2WAV manually if needed]

  [5/12] Generating hexdumps...
        Original: [OK]
        Exported: [OK]

  [6/12] Generating SIDwinder traces...
        Original: [OK]
        Exported: [OK]

  [7/12] Generating info.txt...
        [OK]

  [8/12] Generating annotated disassembly...
        [OK]

  [9/12] Generating SIDwinder disassembly...
        Original: [OK]
        Exported: [OK]

  [10/12] Validating completion...
        Files: 14/14
        Status: [COMPLETE]

[5/18] Processing: Driver 11 Test - Filter.sid
--------------------------------------------------------------------------------
  Type: SF2_PACKED
  Name: Driver 11 Test - Filter

  [1/12] Converting SID -> SF2...
Packed SID: load=$1000, size=7,189
Original SF2: load=$0D7E, size=7,866

Extracting tables from packed SID and injecting into original structure:

Instruments     $1040: 192/192 (100.0%) - injected
Commands        $1100: 224/224 (100.0%) - injected
Wave            $11E0: 512/512 (100.0%) - injected
Pulse           $13E0: 768/768 (100.0%) - injected
Filter          $16E0: 768/768 (100.0%) - injected
Arpeggio        $19E0: 256/256 (100.0%) - injected
Tempo           $1AE0: 256/256 (100.0%) - injected

Created: output\SIDSF2player_Complete_Pipeline\Driver 11 Test - Filter\New\Driver 11 Test - Filter.sf2
Size: 7,866 bytes
        [OK] Method: REFERENCE

  [2/12] Packing SF2 -> SID...
        [OK] Size: 7111 bytes

  [3/12] Generating siddumps...
        Original: [OK]
        Exported: [OK]

  [4/12] Rendering WAV files... [SKIPPED - use SID2WAV manually if needed]

  [5/12] Generating hexdumps...
        Original: [OK]
        Exported: [OK]

  [6/12] Generating SIDwinder traces...
        Original: [OK]
        Exported: [OK]

  [7/12] Generating info.txt...
        [OK]

  [8/12] Generating annotated disassembly...
        [OK]

  [9/12] Generating SIDwinder disassembly...
        Original: [OK]
        Exported: [OK]

  [10/12] Validating completion...
        Files: 14/14
        Status: [COMPLETE]

[6/18] Processing: Driver 11 Test - Polyphonic.sid
--------------------------------------------------------------------------------
  Type: SF2_PACKED
  Name: Driver 11 Test - Polyphonic

  [1/12] Converting SID -> SF2...
Packed SID: load=$1000, size=7,938
Original SF2: load=$0D7E, size=8,649

Extracting tables from packed SID and injecting into original structure:

Instruments     $1040: 192/192 (100.0%) - injected
Commands        $1100: 224/224 (100.0%) - injected
Wave            $11E0: 512/512 (100.0%) - injected
Pulse           $13E0: 768/768 (100.0%) - injected
Filter          $16E0: 768/768 (100.0%) - injected
Arpeggio        $19E0: 256/256 (100.0%) - injected
Tempo           $1AE0: 256/256 (100.0%) - injected

Created: output\SIDSF2player_Complete_Pipeline\Driver 11 Test - Polyphonic\New\Driver 11 Test - Polyphonic.sf2
Size: 8,649 bytes
        [OK] Method: REFERENCE

  [2/12] Packing SF2 -> SID...
        [OK] Size: 7860 bytes

  [3/12] Generating siddumps...
        Original: [OK]
        Exported: [OK]

  [4/12] Rendering WAV files... [SKIPPED - use SID2WAV manually if needed]

  [5/12] Generating hexdumps...
        Original: [OK]
        Exported: [OK]

  [6/12] Generating SIDwinder traces...
        Original: [OK]
        Exported: [OK]

  [7/12] Generating info.txt...
        [OK]

  [8/12] Generating annotated disassembly...
        [OK]

  [9/12] Generating SIDwinder disassembly...
        Original: [OK]
        Exported: [OK]

  [10/12] Validating completion...
        Files: 14/14
        Status: [COMPLETE]

[7/18] Processing: Driver 11 Test - Tie Notes.sid
--------------------------------------------------------------------------------
  Type: SF2_PACKED
  Name: Driver 11 Test - Tie Notes

  [1/12] Converting SID -> SF2...
Packed SID: load=$1000, size=7,828
Original SF2: load=$0D7E, size=8,464

Extracting tables from packed SID and injecting into original structure:

Instruments     $1040: 192/192 (100.0%) - injected
Commands        $1100: 224/224 (100.0%) - injected
Wave            $11E0: 512/512 (100.0%) - injected
Pulse           $13E0: 768/768 (100.0%) - injected
Filter          $16E0: 768/768 (100.0%) - injected
Arpeggio        $19E0: 256/256 (100.0%) - injected
Tempo           $1AE0: 256/256 (100.0%) - injected

Created: output\SIDSF2player_Complete_Pipeline\Driver 11 Test - Tie Notes\New\Driver 11 Test - Tie Notes.sf2
Size: 8,464 bytes
        [OK] Method: REFERENCE

  [2/12] Packing SF2 -> SID...
        [OK] Size: 7750 bytes

  [3/12] Generating siddumps...
        Original: [OK]
        Exported: [OK]

  [4/12] Rendering WAV files... [SKIPPED - use SID2WAV manually if needed]

  [5/12] Generating hexdumps...
        Original: [OK]
        Exported: [OK]

  [6/12] Generating SIDwinder traces...
        Original: [OK]
        Exported: [OK]

  [7/12] Generating info.txt...
        [OK]

  [8/12] Generating annotated disassembly...
        [OK]

  [9/12] Generating SIDwinder disassembly...
        Original: [OK]
        Exported: [OK]

  [10/12] Validating completion...
        Files: 14/14
        Status: [COMPLETE]

[8/18] Processing: Expand_Side_1.sid
--------------------------------------------------------------------------------
  Type: SF2_PACKED
  Name: Expand Side 1

  [1/12] Converting SID -> SF2...
Packed SID: load=$1000, size=6,697
Original SF2: load=$0D7E, size=7,656

Extracting tables from packed SID and injecting into original structure:

Instruments     $1040: 12/192 (  6.2%) - injected
Commands        $1100: 24/224 ( 10.7%) - injected
Wave            $11E0: 38/512 (  7.4%) - injected
Pulse           $13E0: 19/768 (  2.5%) - injected
Filter          $16E0: 257/768 ( 33.5%) - injected
Arpeggio        $19E0: 10/256 (  3.9%) - injected
Tempo           $1AE0: 7/256 (  2.7%) - injected

Created: output\SIDSF2player_Complete_Pipeline\Expand_Side_1\New\Expand_Side_1.sf2
Size: 7,656 bytes
        [OK] Method: TEMPLATE

  [2/12] Packing SF2 -> SID...
        [OK] Size: 7596 bytes

  [3/12] Generating siddumps...
        Original: [OK]
        Exported: [OK]

  [4/12] Rendering WAV files... [SKIPPED - use SID2WAV manually if needed]

  [5/12] Generating hexdumps...
        Original: [OK]
        Exported: [OK]

  [6/12] Generating SIDwinder traces...
        Original: [OK]
        Exported: [OK]

  [7/12] Generating info.txt...
        [OK]

  [8/12] Generating annotated disassembly...
        [OK]

  [9/12] Generating SIDwinder disassembly...
        Original: [OK]
        Exported: [ERROR]

  [10/12] Validating completion...
        Files: 13/14
        Missing: New/Expand_Side_1_exported_sidwinder.asm...
        Status: [PARTIAL]

[9/18] Processing: Halloweed_4_tune_3.sid
--------------------------------------------------------------------------------
  Type: SF2_PACKED
  Name: Halloweed 4 (tune 3)

  [1/12] Converting SID -> SF2...
Packed SID: load=$1000, size=5,572
Original SF2: load=$0D7E, size=7,656

Extracting tables from packed SID and injecting into original structure:

Instruments     $1040: 51/192 ( 26.6%) - injected
Commands        $1100: 16/224 (  7.1%) - injected
Wave            $11E0: 19/512 (  3.7%) - injected
Pulse           $13E0: 18/768 (  2.3%) - injected
Filter          $16E0: 144/768 ( 18.8%) - injected
Arpeggio        $19E0: 30/256 ( 11.7%) - injected
Tempo           $1AE0: 36/256 ( 14.1%) - injected

Created: output\SIDSF2player_Complete_Pipeline\Halloweed_4_tune_3\New\Halloweed_4_tune_3.sf2
Size: 7,656 bytes
        [OK] Method: TEMPLATE

  [2/12] Packing SF2 -> SID...
        [OK] Size: 13044 bytes

  [3/12] Generating siddumps...
        Original: [OK]
        Exported: [OK]

  [4/12] Rendering WAV files... [SKIPPED - use SID2WAV manually if needed]

  [5/12] Generating hexdumps...
        Original: [OK]
        Exported: [OK]

  [6/12] Generating SIDwinder traces...
        Original: [OK]
        Exported: [WARN - needs rebuilt SIDwinder]

  [7/12] Generating info.txt...
        [OK]

  [8/12] Generating annotated disassembly...
        [OK]

  [9/12] Generating SIDwinder disassembly...
        Original: [OK]
        Exported: [ERROR]

  [10/12] Validating completion...
        Files: 13/14
        Missing: New/Halloweed_4_tune_3_exported_sidwinder.asm...
        Status: [PARTIAL]

[10/18] Processing: I_Have_Extended_Intros.sid
--------------------------------------------------------------------------------
  Type: LAXITY
  Name: I Have Extended Intros

  [1/12] Converting SID -> SF2...
        [OK] Method: LAXITY

  [2/12] Packing SF2 -> SID...
        [OK] Size: 9602 bytes

  [3/12] Generating siddumps...
        Original: [OK]
        Exported: [OK]

  [4/12] Rendering WAV files... [SKIPPED - use SID2WAV manually if needed]

  [5/12] Generating hexdumps...
        Original: [OK]
        Exported: [OK]

  [6/12] Generating SIDwinder traces...
        Original: [OK]
        Exported: [OK]

  [7/12] Generating info.txt...
        [OK]

  [8/12] Generating annotated disassembly...
        [OK]

  [9/12] Generating SIDwinder disassembly...
        Original: [OK]
        Exported: [OK]

  [10/12] Validating completion...
        Files: 14/14
        Status: [COMPLETE]

[11/18] Processing: polyphonic_cpp.sid
--------------------------------------------------------------------------------
  Type: SF2_PACKED
  Name: Polyphonic

  [1/12] Converting SID -> SF2...
Packed SID: load=$1000, size=8,580
Original SF2: load=$0D7E, size=7,656

Extracting tables from packed SID and injecting into original structure:

Instruments     $1040: 1/192 (  0.5%) - injected
Commands        $1100: 4/224 (  1.8%) - injected
Wave            $11E0: 7/512 (  1.4%) - injected
Pulse           $13E0: 22/768 (  2.9%) - injected
Filter          $16E0: 705/768 ( 91.8%) - injected
Arpeggio        $19E0: 253/256 ( 98.8%) - injected
Tempo           $1AE0: 256/256 (100.0%) - injected

Created: output\SIDSF2player_Complete_Pipeline\polyphonic_cpp\New\polyphonic_cpp.sf2
Size: 7,656 bytes
        [OK] Method: TEMPLATE

  [2/12] Packing SF2 -> SID...
        [OK] Size: 6900 bytes

  [3/12] Generating siddumps...
        Original: [OK]
        Exported: [OK]

  [4/12] Rendering WAV files... [SKIPPED - use SID2WAV manually if needed]

  [5/12] Generating hexdumps...
        Original: [OK]
        Exported: [OK]

  [6/12] Generating SIDwinder traces...
        Original: [WARN - needs rebuilt SIDwinder]
        Exported: [OK]

  [7/12] Generating info.txt...
        [OK]

  [8/12] Generating annotated disassembly...
        [OK]

  [9/12] Generating SIDwinder disassembly...
        Original: [ERROR]
        Exported: [OK]

  [10/12] Validating completion...
        Files: 13/14
        Missing: Original/polyphonic_cpp_original_sidwinder.asm...
        Status: [PARTIAL]

[12/18] Processing: polyphonic_test.sid
--------------------------------------------------------------------------------
  Type: SF2_PACKED
  Name: Plug

  [1/12] Converting SID -> SF2...
Packed SID: load=$0D7E, size=8,647
Original SF2: load=$0D7E, size=7,656

Extracting tables from packed SID and injecting into original structure:

Instruments     $1040: 192/192 (100.0%) - injected
Commands        $1100: 224/224 (100.0%) - injected
Wave            $11E0: 511/512 ( 99.8%) - injected
Pulse           $13E0: 767/768 ( 99.9%) - injected
Filter          $16E0: 670/768 ( 87.2%) - injected
Arpeggio        $19E0: 243/256 ( 94.9%) - injected
Tempo           $1AE0: 246/256 ( 96.1%) - injected

Created: output\SIDSF2player_Complete_Pipeline\polyphonic_test\New\polyphonic_test.sf2
Size: 7,656 bytes
        [OK] Method: TEMPLATE

  [2/12] Packing SF2 -> SID...
        [OK] Size: 6900 bytes

  [3/12] Generating siddumps...
        Original: [OK]
        Exported: [OK]

  [4/12] Rendering WAV files... [SKIPPED - use SID2WAV manually if needed]

  [5/12] Generating hexdumps...
        Original: [OK]
        Exported: [OK]

  [6/12] Generating SIDwinder traces...
        Original: [OK]
        Exported: [OK]

  [7/12] Generating info.txt...
        [OK]

  [8/12] Generating annotated disassembly...
        [OK]

  [9/12] Generating SIDwinder disassembly...
        Original: [ERROR]
        Exported: [OK]

  [10/12] Validating completion...
        Files: 13/14
        Missing: Original/polyphonic_test_original_sidwinder.asm...
        Status: [PARTIAL]

[13/18] Processing: SF2packed_new1_Stiensens_last_night_of_89.sid
--------------------------------------------------------------------------------
  Type: SF2_PACKED
  Name: 89

  [1/12] Converting SID -> SF2...
Packed SID: load=$1000, size=6,075
Original SF2: load=$0D7E, size=7,656

Extracting tables from packed SID and injecting into original structure:

Instruments     $1040: 133/192 ( 69.3%) - injected
Commands        $1100: 90/224 ( 40.2%) - injected
Wave            $11E0: 26/512 (  5.1%) - injected
Pulse           $13E0: 19/768 (  2.5%) - injected
Filter          $16E0: 144/768 ( 18.8%) - injected
Arpeggio        $19E0: 19/256 (  7.4%) - injected
Tempo           $1AE0: 24/256 (  9.4%) - injected

Created: output\SIDSF2player_Complete_Pipeline\SF2packed_new1_Stiensens_last_night_of_89\New\SF2packed_new1_Stiensens_last_night_of_89.sf2
Size: 7,656 bytes
        [OK] Method: TEMPLATE

  [2/12] Packing SF2 -> SID...
        [OK] Size: 13044 bytes

  [3/12] Generating siddumps...
        Original: [OK]
        Exported: [OK]

  [4/12] Rendering WAV files... [SKIPPED - use SID2WAV manually if needed]

  [5/12] Generating hexdumps...
        Original: [OK]
        Exported: [OK]

  [6/12] Generating SIDwinder traces...
        Original: [OK]
        Exported: [OK]

  [7/12] Generating info.txt...
        [OK]

  [8/12] Generating annotated disassembly...
        [OK]

  [9/12] Generating SIDwinder disassembly...
        Original: [OK]
        Exported: [OK]

  [10/12] Validating completion...
        Files: 14/14
        Status: [COMPLETE]

[14/18] Processing: SF2packed_Stinsens_Last_Night_of_89.sid
--------------------------------------------------------------------------------
  Type: SF2_PACKED
  Name: Stinsen 89 SF2 packed

  [1/12] Converting SID -> SF2...
Packed SID: load=$1000, size=6,075
Original SF2: load=$0D7E, size=7,656

Extracting tables from packed SID and injecting into original structure:

Instruments     $1040: 133/192 ( 69.3%) - injected
Commands        $1100: 90/224 ( 40.2%) - injected
Wave            $11E0: 26/512 (  5.1%) - injected
Pulse           $13E0: 19/768 (  2.5%) - injected
Filter          $16E0: 163/768 ( 21.2%) - injected
Arpeggio        $19E0: 19/256 (  7.4%) - injected
Tempo           $1AE0: 24/256 (  9.4%) - injected

Created: output\SIDSF2player_Complete_Pipeline\SF2packed_Stinsens_Last_Night_of_89\New\SF2packed_Stinsens_Last_Night_of_89.sf2
Size: 7,656 bytes
        [OK] Method: TEMPLATE

  [2/12] Packing SF2 -> SID...
        [OK] Size: 13044 bytes

  [3/12] Generating siddumps...
        Original: [OK]
        Exported: [OK]

  [4/12] Rendering WAV files... [SKIPPED - use SID2WAV manually if needed]

  [5/12] Generating hexdumps...
        Original: [OK]
        Exported: [OK]

  [6/12] Generating SIDwinder traces...
        Original: [OK]
        Exported: [OK]

  [7/12] Generating info.txt...
        [OK]

  [8/12] Generating annotated disassembly...
        [OK]

  [9/12] Generating SIDwinder disassembly...
        Original: [OK]
        Exported: [OK]

  [10/12] Validating completion...
        Files: 14/14
        Status: [COMPLETE]

[15/18] Processing: Staying_Alive.sid
--------------------------------------------------------------------------------
  Type: LAXITY
  Name: Staying Alive

  [1/12] Converting SID -> SF2...
        [OK] Method: LAXITY

  [2/12] Packing SF2 -> SID...
        [OK] Size: 7393 bytes

  [3/12] Generating siddumps...
        Original: [OK]
        Exported: [OK]

  [4/12] Rendering WAV files... [SKIPPED - use SID2WAV manually if needed]

  [5/12] Generating hexdumps...
        Original: [OK]
        Exported: [OK]

  [6/12] Generating SIDwinder traces...
        Original: [OK]
        Exported: [OK]

  [7/12] Generating info.txt...
        [OK]

  [8/12] Generating annotated disassembly...
        [OK]

  [9/12] Generating SIDwinder disassembly...
        Original: [OK]
        Exported: [OK]

  [10/12] Validating completion...
        Files: 14/14
        Status: [COMPLETE]

[16/18] Processing: Stinsens_Last_Night_of_89.sid
--------------------------------------------------------------------------------
  Type: SF2_PACKED
  Name: Stinsen's Last Night of '89

  [1/12] Converting SID -> SF2...
Packed SID: load=$1000, size=6,075
Original SF2: load=$0D7E, size=17,252

Extracting tables from packed SID and injecting into original structure:

Instruments     $1040: 180/192 ( 93.8%) - injected
Commands        $1100: 213/224 ( 95.1%) - injected
Wave            $11E0: 466/512 ( 91.0%) - injected
Pulse           $13E0: 724/768 ( 94.3%) - injected
Filter          $16E0: 342/768 ( 44.5%) - injected
Arpeggio        $19E0: 8/256 (  3.1%) - injected
Tempo           $1AE0: 21/256 (  8.2%) - injected

Created: output\SIDSF2player_Complete_Pipeline\Stinsens_Last_Night_of_89\New\Stinsens_Last_Night_of_89.sf2
Size: 17,252 bytes
        [OK] Method: REFERENCE

  [2/12] Packing SF2 -> SID...
        [OK] Size: 22669 bytes

  [3/12] Generating siddumps...
        Original: [OK]
        Exported: [OK]

  [4/12] Rendering WAV files... [SKIPPED - use SID2WAV manually if needed]

  [5/12] Generating hexdumps...
        Original: [OK]
        Exported: [OK]

  [6/12] Generating SIDwinder traces...
        Original: [OK]
        Exported: [WARN - needs rebuilt SIDwinder]

  [7/12] Generating info.txt...
        [OK]

  [8/12] Generating annotated disassembly...
        [OK]

  [9/12] Generating SIDwinder disassembly...
        Original: [OK]
        Exported: [ERROR]

  [10/12] Validating completion...
        Files: 12/14
        Missing: New/Stinsens_Last_Night_of_89_exported.wav, New/Stinsens_Last_Night_of_89_exported_sidwinder.asm...
        Status: [PARTIAL]

[17/18] Processing: test_broware_packed_only.sid
--------------------------------------------------------------------------------
  Type: SF2_PACKED
  Name: Broware Test

  [1/12] Converting SID -> SF2...
Packed SID: load=$1000, size=6,839
Original SF2: load=$0D7E, size=7,656

Extracting tables from packed SID and injecting into original structure:

Instruments     $1040: 136/192 ( 70.8%) - injected
Commands        $1100: 89/224 ( 39.7%) - injected
Wave            $11E0: 25/512 (  4.9%) - injected
Pulse           $13E0: 21/768 (  2.7%) - injected
Filter          $16E0: 567/768 ( 73.8%) - injected
Arpeggio        $19E0: 247/256 ( 96.5%) - injected
Tempo           $1AE0: 253/256 ( 98.8%) - injected

Created: output\SIDSF2player_Complete_Pipeline\test_broware_packed_only\New\test_broware_packed_only.sf2
Size: 7,656 bytes
        [OK] Method: TEMPLATE

  [2/12] Packing SF2 -> SID...
        [OK] Size: 6900 bytes

  [3/12] Generating siddumps...
        Original: [OK]
        Exported: [OK]

  [4/12] Rendering WAV files... [SKIPPED - use SID2WAV manually if needed]

  [5/12] Generating hexdumps...
        Original: [OK]
        Exported: [OK]

  [6/12] Generating SIDwinder traces...
        Original: [OK]
        Exported: [WARN - needs rebuilt SIDwinder]

  [7/12] Generating info.txt...
        [OK]

  [8/12] Generating annotated disassembly...
        [OK]

  [9/12] Generating SIDwinder disassembly...
        Original: [OK]
        Exported: [ERROR]

  [10/12] Validating completion...
        Files: 13/14
        Missing: New/test_broware_packed_only_exported_sidwinder.asm...
        Status: [PARTIAL]

[18/18] Processing: tie_notes_test.sid
--------------------------------------------------------------------------------
  Type: SF2_PACKED
  Name: Gliss. reset

  [1/12] Converting SID -> SF2...
Packed SID: load=$0D7E, size=8,462
Original SF2: load=$0D7E, size=7,656

Extracting tables from packed SID and injecting into original structure:

Instruments     $1040: 192/192 (100.0%) - injected
Commands        $1100: 224/224 (100.0%) - injected
Wave            $11E0: 511/512 ( 99.8%) - injected
Pulse           $13E0: 766/768 ( 99.7%) - injected
Filter          $16E0: 647/768 ( 84.2%) - injected
Arpeggio        $19E0: 244/256 ( 95.3%) - injected
Tempo           $1AE0: 253/256 ( 98.8%) - injected

Created: output\SIDSF2player_Complete_Pipeline\tie_notes_test\New\tie_notes_test.sf2
Size: 7,656 bytes
        [OK] Method: TEMPLATE

  [2/12] Packing SF2 -> SID...
        [OK] Size: 6939 bytes

  [3/12] Generating siddumps...
        Original: [OK]
        Exported: [OK]

  [4/12] Rendering WAV files... [SKIPPED - use SID2WAV manually if needed]

  [5/12] Generating hexdumps...
        Original: [OK]
        Exported: [OK]

  [6/12] Generating SIDwinder traces...
        Original: [OK]
        Exported: [OK]

  [7/12] Generating info.txt...
        [OK]

  [8/12] Generating annotated disassembly...
        [OK]

  [9/12] Generating SIDwinder disassembly...
        Original: [ERROR]
        Exported: [OK]

  [10/12] Validating completion...
        Files: 13/14
        Missing: Original/tie_notes_test_original_sidwinder.asm...
        Status: [PARTIAL]

================================================================================
PIPELINE SUMMARY
================================================================================

Total files: 18
  Complete: 10/18
  Partial:  8/18

================================================================================
Completed: 2025-12-06 19:18:42
Output: output\SIDSF2player_Complete_Pipeline
================================================================================
