================================================================================
COMPLETE SID CONVERSION PIPELINE WITH VALIDATION
================================================================================

Found 18 SID files
Output directory: output\SIDSF2player_Complete_Pipeline
Started: 2025-12-09 21:48:48

Pipeline Steps:
  [1] SID -> SF2 conversion
  [2] SF2 -> SID packing
  [3] Siddump generation (original + exported)
  [4] WAV rendering (original + exported)
  [5] Hexdump generation (original + exported)
  [6] SIDwinder trace generation (original + exported)
  [7] Info.txt report generation
  [8] Annotated disassembly generation
  [9] SIDwinder disassembly generation (original + exported)
  [10] Validation check


[1/18] Processing: Aint_Somebody.sid
--------------------------------------------------------------------------------
  Type: SF2_PACKED
  Name: Ain't Somebody

  [1/12] Converting SID -> SF2...
Packed SID: load=$1000, init=$1000, play=$1009
Original SF2: load=$0D7E, size=7,656

Extracting tables from packed SID and injecting into original structure:

Instruments     $1784: extracted from 6 consecutive columns at $087B
Instruments     $1784: 20 entries (6-column extraction) - injected
Commands        $1844: extracted from 3 consecutive columns at $08F3
Commands        $1844: 33 entries (3-column extraction) - injected
Wave            $1924: extracted from 2 consecutive columns at $0958
Wave            $1924: 50 entries (2-column conversion) - injected
Pulse           $1B24: extracted from 3 consecutive columns at $09BC
Pulse           $1B24: 25 entries (3->4 column conversion) - injected
Filter          $1E24: extracted from 3 consecutive columns at $0A07
Filter          $1E24: 26 entries (3->4 column conversion) - injected
Arpeggio        $2124: extracted from 1 column at $0A55
Arpeggio        $2124: 66 entries (1-column extraction) - injected
Tempo           $2224: extracted from 1 column at $0A97
Tempo           $2224: 4 entries (1-column extraction) - injected

Updating DriverCommon with correct addresses:
  Init: $16B0 (was $1006)
  Play: $16B9 (was $16C8)

Created: output\SIDSF2player_Complete_Pipeline\Aint_Somebody\New\Aint_Somebody.sf2
Size: 7,656 bytes
        [OK] Method: TEMPLATE

  [2/12] Packing SF2 -> SID...
        [OK] Size: 7417 bytes

  [3/12] Generating siddumps...
        Original: [OK]
        Exported: [OK]

  [4/12] Rendering WAV files... [SKIPPED - use SID2WAV manually if needed]

  [5/12] Generating hexdumps...
        Original: [OK]
        Exported: [OK]

  [6/12] Generating SIDwinder traces...
        Original: [OK]
        Exported: [OK]

  [7/12] Generating info.txt...
        [ERROR]

  [8/12] Generating annotated disassembly...
        [ERROR]

  [9/12] Generating SIDwinder disassembly...
        Original: [OK]
        Exported: [OK]

  [10/12] Validating completion...
        Files: 14/14
        Status: [COMPLETE]

[2/18] Processing: Broware.sid
--------------------------------------------------------------------------------
  Type: LAXITY
  Name: Broware

  [1/12] Converting SID -> SF2...
        [ERROR] Conversion failed

[3/18] Processing: Cocktail_to_Go_tune_3.sid
--------------------------------------------------------------------------------
  Type: SF2_PACKED
  Name: Cocktail to Go (tune 3)

  [1/12] Converting SID -> SF2...
Packed SID: load=$1000, init=$1000, play=$1009
Original SF2: load=$0D7E, size=7,656

Extracting tables from packed SID and injecting into original structure:

Instruments     $1784: extracted from 6 consecutive columns at $087B
Instruments     $1784: 20 entries (6-column extraction) - injected
Commands        $1844: extracted from 3 consecutive columns at $08F3
Commands        $1844: 33 entries (3-column extraction) - injected
Wave            $1924: extracted from 2 consecutive columns at $0958
Wave            $1924: 50 entries (2-column conversion) - injected
Pulse           $1B24: extracted from 3 consecutive columns at $09BC
Pulse           $1B24: 25 entries (3->4 column conversion) - injected
Filter          $1E24: extracted from 3 consecutive columns at $0A07
Filter          $1E24: 26 entries (3->4 column conversion) - injected
Arpeggio        $2124: extracted from 1 column at $0A55
Arpeggio        $2124: 66 entries (1-column extraction) - injected
Tempo           $2224: extracted from 1 column at $0A97
Tempo           $2224: 4 entries (1-column extraction) - injected

Updating DriverCommon with correct addresses:
  Init: $16DC (was $1006)
  Play: $16E5 (was $16C8)

Created: output\SIDSF2player_Complete_Pipeline\Cocktail_to_Go_tune_3\New\Cocktail_to_Go_tune_3.sf2
Size: 7,656 bytes
        [OK] Method: TEMPLATE

  [2/12] Packing SF2 -> SID...
        [OK] Size: 7417 bytes

  [3/12] Generating siddumps...
        Original: [OK]
        Exported: [OK]

  [4/12] Rendering WAV files... [SKIPPED - use SID2WAV manually if needed]

  [5/12] Generating hexdumps...
        Original: [OK]
        Exported: [OK]

  [6/12] Generating SIDwinder traces...
        Original: [OK]
        Exported: [OK]

  [7/12] Generating info.txt...
        [ERROR]

  [8/12] Generating annotated disassembly...
        [ERROR]

  [9/12] Generating SIDwinder disassembly...
        Original: [OK]
        Exported: [OK]

  [10/12] Validating completion...
        Files: 14/14
        Status: [COMPLETE]

[4/18] Processing: Driver 11 Test - Arpeggio.sid
--------------------------------------------------------------------------------
  Type: SF2_PACKED
  Name: Driver 11 Test - Arpeggio

  [1/12] Converting SID -> SF2...
Packed SID: load=$1000, init=$1000, play=$16CC
Original SF2: load=$0D7E, size=7,656

Extracting tables from packed SID and injecting into original structure:

Instruments     $1784: extracted from 6 consecutive columns at $087B
Instruments     $1784: 20 entries (6-column extraction) - injected
Commands        $1844: extracted from 3 consecutive columns at $08F3
Commands        $1844: 33 entries (3-column extraction) - injected
Wave            $1924: extracted from 2 consecutive columns at $0958
Wave            $1924: 50 entries (2-column conversion) - injected
Pulse           $1B24: extracted from 3 consecutive columns at $09BC
Pulse           $1B24: 25 entries (3->4 column conversion) - injected
Filter          $1E24: extracted from 3 consecutive columns at $0A07
Filter          $1E24: 26 entries (3->4 column conversion) - injected
Arpeggio        $2124: extracted from 1 column at $0A55
Arpeggio        $2124: 66 entries (1-column extraction) - injected
Tempo           $2224: extracted from 1 column at $0A97
Tempo           $2224: 4 entries (1-column extraction) - injected

Updating DriverCommon with correct addresses:
  Init: $15E4 (was $1006)
  Play: $15ED (was $16C8)

Created: output\SIDSF2player_Complete_Pipeline\Driver 11 Test - Arpeggio\New\Driver 11 Test - Arpeggio.sf2
Size: 7,656 bytes
        [OK] Method: REFERENCE

  [2/12] Packing SF2 -> SID...
        [OK] Size: 7417 bytes

  [3/12] Generating siddumps...
        Original: [OK]
        Exported: [OK]

  [4/12] Rendering WAV files... [SKIPPED - use SID2WAV manually if needed]

  [5/12] Generating hexdumps...
        Original: [OK]
        Exported: [OK]

  [6/12] Generating SIDwinder traces...
        Original: [OK]
        Exported: [OK]

  [7/12] Generating info.txt...
        [ERROR]

  [8/12] Generating annotated disassembly...
        [ERROR]

  [9/12] Generating SIDwinder disassembly...
        Original: [OK]
        Exported: [OK]

  [10/12] Validating completion...
        Files: 14/14
        Status: [COMPLETE]

[5/18] Processing: Driver 11 Test - Filter.sid
--------------------------------------------------------------------------------
  Type: SF2_PACKED
  Name: Driver 11 Test - Filter

  [1/12] Converting SID -> SF2...
Packed SID: load=$1000, init=$1000, play=$16CC
Original SF2: load=$0D7E, size=7,866

Extracting tables from packed SID and injecting into original structure:

Instruments     $1784: extracted from 6 consecutive columns at $087B
Instruments     $1784: 20 entries (6-column extraction) - injected
Commands        $1844: extracted from 3 consecutive columns at $08F3
Commands        $1844: 33 entries (3-column extraction) - injected
Wave            $1924: extracted from 2 consecutive columns at $0958
Wave            $1924: 50 entries (2-column conversion) - injected
Pulse           $1B24: extracted from 3 consecutive columns at $09BC
Pulse           $1B24: 25 entries (3->4 column conversion) - injected
Filter          $1E24: extracted from 3 consecutive columns at $0A07
Filter          $1E24: 26 entries (3->4 column conversion) - injected
Arpeggio        $2124: extracted from 1 column at $0A55
Arpeggio        $2124: 66 entries (1-column extraction) - injected
Tempo           $2224: extracted from 1 column at $0A97
Tempo           $2224: 4 entries (1-column extraction) - injected

Updating DriverCommon with correct addresses:
  Init: $15E4 (was $1006)
  Play: $15ED (was $16C8)

Created: output\SIDSF2player_Complete_Pipeline\Driver 11 Test - Filter\New\Driver 11 Test - Filter.sf2
Size: 7,866 bytes
        [OK] Method: REFERENCE

  [2/12] Packing SF2 -> SID...
        [OK] Size: 7628 bytes

  [3/12] Generating siddumps...
        Original: [OK]
        Exported: [OK]

  [4/12] Rendering WAV files... [SKIPPED - use SID2WAV manually if needed]

  [5/12] Generating hexdumps...
        Original: [OK]
        Exported: [OK]

  [6/12] Generating SIDwinder traces...
        Original: [OK]
        Exported: [OK]

  [7/12] Generating info.txt...
        [ERROR]

  [8/12] Generating annotated disassembly...
        [ERROR]

  [9/12] Generating SIDwinder disassembly...
        Original: [OK]
        Exported: [OK]

  [10/12] Validating completion...
        Files: 14/14
        Status: [COMPLETE]

[6/18] Processing: Driver 11 Test - Polyphonic.sid
--------------------------------------------------------------------------------
  Type: SF2_PACKED
  Name: Driver 11 Test - Polyphonic

  [1/12] Converting SID -> SF2...
Packed SID: load=$1000, init=$1000, play=$16CC
Original SF2: load=$0D7E, size=8,649

Extracting tables from packed SID and injecting into original structure:

Instruments     $1784: extracted from 6 consecutive columns at $087B
Instruments     $1784: 20 entries (6-column extraction) - injected
Commands        $1844: extracted from 3 consecutive columns at $08F3
Commands        $1844: 33 entries (3-column extraction) - injected
Wave            $1924: extracted from 2 consecutive columns at $0958
Wave            $1924: 50 entries (2-column conversion) - injected
Pulse           $1B24: extracted from 3 consecutive columns at $09BC
Pulse           $1B24: 25 entries (3->4 column conversion) - injected
Filter          $1E24: extracted from 3 consecutive columns at $0A07
Filter          $1E24: 26 entries (3->4 column conversion) - injected
Arpeggio        $2124: extracted from 1 column at $0A55
Arpeggio        $2124: 66 entries (1-column extraction) - injected
Tempo           $2224: extracted from 1 column at $0A97
Tempo           $2224: 4 entries (1-column extraction) - injected

Updating DriverCommon with correct addresses:
  Init: $15E4 (was $1006)
  Play: $15ED (was $16C8)

Created: output\SIDSF2player_Complete_Pipeline\Driver 11 Test - Polyphonic\New\Driver 11 Test - Polyphonic.sf2
Size: 8,649 bytes
        [OK] Method: REFERENCE

  [2/12] Packing SF2 -> SID...
        [OK] Size: 8377 bytes

  [3/12] Generating siddumps...
        Original: [OK]
        Exported: [OK]

  [4/12] Rendering WAV files... [SKIPPED - use SID2WAV manually if needed]

  [5/12] Generating hexdumps...
        Original: [OK]
        Exported: [OK]

  [6/12] Generating SIDwinder traces...
        Original: [OK]
        Exported: [OK]

  [7/12] Generating info.txt...
        [ERROR]

  [8/12] Generating annotated disassembly...
        [ERROR]

  [9/12] Generating SIDwinder disassembly...
        Original: [OK]
        Exported: [OK]

  [10/12] Validating completion...
        Files: 14/14
        Status: [COMPLETE]

[7/18] Processing: Driver 11 Test - Tie Notes.sid
--------------------------------------------------------------------------------
  Type: SF2_PACKED
  Name: Driver 11 Test - Tie Notes

  [1/12] Converting SID -> SF2...
Packed SID: load=$1000, init=$1000, play=$16CC
Original SF2: load=$0D7E, size=8,464

Extracting tables from packed SID and injecting into original structure:

Instruments     $1784: extracted from 6 consecutive columns at $087B
Instruments     $1784: 20 entries (6-column extraction) - injected
Commands        $1844: extracted from 3 consecutive columns at $08F3
Commands        $1844: 33 entries (3-column extraction) - injected
Wave            $1924: extracted from 2 consecutive columns at $0958
Wave            $1924: 50 entries (2-column conversion) - injected
Pulse           $1B24: extracted from 3 consecutive columns at $09BC
Pulse           $1B24: 25 entries (3->4 column conversion) - injected
Filter          $1E24: extracted from 3 consecutive columns at $0A07
Filter          $1E24: 26 entries (3->4 column conversion) - injected
Arpeggio        $2124: extracted from 1 column at $0A55
Arpeggio        $2124: 66 entries (1-column extraction) - injected
Tempo           $2224: extracted from 1 column at $0A97
Tempo           $2224: 4 entries (1-column extraction) - injected

Updating DriverCommon with correct addresses:
  Init: $15E4 (was $1006)
  Play: $15ED (was $16C8)

Created: output\SIDSF2player_Complete_Pipeline\Driver 11 Test - Tie Notes\New\Driver 11 Test - Tie Notes.sf2
Size: 8,464 bytes
        [OK] Method: REFERENCE

  [2/12] Packing SF2 -> SID...
        [OK] Size: 8267 bytes

  [3/12] Generating siddumps...
        Original: [OK]
        Exported: [OK]

  [4/12] Rendering WAV files... [SKIPPED - use SID2WAV manually if needed]

  [5/12] Generating hexdumps...
        Original: [OK]
        Exported: [OK]

  [6/12] Generating SIDwinder traces...
        Original: [OK]
        Exported: [OK]

  [7/12] Generating info.txt...
        [ERROR]

  [8/12] Generating annotated disassembly...
        [ERROR]

  [9/12] Generating SIDwinder disassembly...
        Original: [OK]
        Exported: [OK]

  [10/12] Validating completion...
        Files: 14/14
        Status: [COMPLETE]

[8/18] Processing: Expand_Side_1.sid
--------------------------------------------------------------------------------
  Type: SF2_PACKED
  Name: Expand Side 1

  [1/12] Converting SID -> SF2...
Packed SID: load=$1000, init=$1000, play=$1009
Original SF2: load=$0D7E, size=7,656

Extracting tables from packed SID and injecting into original structure:

Instruments     $1784: extracted from 6 consecutive columns at $087B
Instruments     $1784: 20 entries (6-column extraction) - injected
Commands        $1844: extracted from 3 consecutive columns at $08F3
Commands        $1844: 33 entries (3-column extraction) - injected
Wave            $1924: extracted from 2 consecutive columns at $0958
Wave            $1924: 50 entries (2-column conversion) - injected
Pulse           $1B24: extracted from 3 consecutive columns at $09BC
Pulse           $1B24: 25 entries (3->4 column conversion) - injected
Filter          $1E24: extracted from 3 consecutive columns at $0A07
Filter          $1E24: 26 entries (3->4 column conversion) - injected
Arpeggio        $2124: extracted from 1 column at $0A55
Arpeggio        $2124: 66 entries (1-column extraction) - injected
Tempo           $2224: extracted from 1 column at $0A97
Tempo           $2224: 4 entries (1-column extraction) - injected

Updating DriverCommon with correct addresses:
  Init: $15F5 (was $1006)
  Play: $15FE (was $16C8)

Created: output\SIDSF2player_Complete_Pipeline\Expand_Side_1\New\Expand_Side_1.sf2
Size: 7,656 bytes
        [OK] Method: TEMPLATE

  [2/12] Packing SF2 -> SID...
        [OK] Size: 7512 bytes

  [3/12] Generating siddumps...
        Original: [OK]
        Exported: [OK]

  [4/12] Rendering WAV files... [SKIPPED - use SID2WAV manually if needed]

  [5/12] Generating hexdumps...
        Original: [OK]
        Exported: [OK]

  [6/12] Generating SIDwinder traces...
        Original: [OK]
        Exported: [OK]

  [7/12] Generating info.txt...
        [ERROR]

  [8/12] Generating annotated disassembly...
        [ERROR]

  [9/12] Generating SIDwinder disassembly...
        Original: [OK]
        Exported: [OK]

  [10/12] Validating completion...
        Files: 14/14
        Status: [COMPLETE]

[9/18] Processing: Halloweed_4_tune_3.sid
--------------------------------------------------------------------------------
  Type: SF2_PACKED
  Name: Halloweed 4 (tune 3)

  [1/12] Converting SID -> SF2...
Packed SID: load=$1000, init=$1000, play=$1006
Original SF2: load=$0D7E, size=7,656

Extracting tables from packed SID and injecting into original structure:

Instruments     $1784: extracted from 6 consecutive columns at $087B
Instruments     $1784: 20 entries (6-column extraction) - injected
Commands        $1844: extracted from 3 consecutive columns at $08F3
Commands        $1844: 33 entries (3-column extraction) - injected
Wave            $1924: extracted from 2 consecutive columns at $0958
Wave            $1924: 50 entries (2-column conversion) - injected
Pulse           $1B24: extracted from 3 consecutive columns at $09BC
Pulse           $1B24: 25 entries (3->4 column conversion) - injected
Filter          $1E24: extracted from 3 consecutive columns at $0A07
Filter          $1E24: 26 entries (3->4 column conversion) - injected
Arpeggio        $2124: extracted from 1 column at $0A55
Arpeggio        $2124: 66 entries (1-column extraction) - injected
Tempo           $2224: extracted from 1 column at $0A97
Tempo           $2224: 4 entries (1-column extraction) - injected

Updating DriverCommon with correct addresses:
  Init: $1681 (was $1006)
  Play: $168A (was $16C8)

Created: output\SIDSF2player_Complete_Pipeline\Halloweed_4_tune_3\New\Halloweed_4_tune_3.sf2
Size: 7,656 bytes
        [OK] Method: TEMPLATE

  [2/12] Packing SF2 -> SID...
        [OK] Size: 7417 bytes

  [3/12] Generating siddumps...
        Original: [OK]
        Exported: [OK]

  [4/12] Rendering WAV files... [SKIPPED - use SID2WAV manually if needed]

  [5/12] Generating hexdumps...
        Original: [OK]
        Exported: [OK]

  [6/12] Generating SIDwinder traces...
        Original: [OK]
        Exported: [OK]

  [7/12] Generating info.txt...
        [ERROR]

  [8/12] Generating annotated disassembly...
        [ERROR]

  [9/12] Generating SIDwinder disassembly...
        Original: [OK]
        Exported: [OK]

  [10/12] Validating completion...
        Files: 14/14
        Status: [COMPLETE]

[10/18] Processing: I_Have_Extended_Intros.sid
--------------------------------------------------------------------------------
  Type: LAXITY
  Name: I Have Extended Intros

  [1/12] Converting SID -> SF2...
        [ERROR] Conversion failed

[11/18] Processing: polyphonic_cpp.sid
--------------------------------------------------------------------------------
  Type: SF2_PACKED
  Name: Polyphonic

  [1/12] Converting SID -> SF2...
Packed SID: load=$1000, init=$1000, play=$1003
Original SF2: load=$0D7E, size=7,656

Extracting tables from packed SID and injecting into original structure:

Instruments     $1784: extracted from 6 consecutive columns at $087B
Instruments     $1784: 20 entries (6-column extraction) - injected
Commands        $1844: extracted from 3 consecutive columns at $08F3
Commands        $1844: 33 entries (3-column extraction) - injected
Wave            $1924: extracted from 2 consecutive columns at $0958
Wave            $1924: 50 entries (2-column conversion) - injected
Pulse           $1B24: extracted from 3 consecutive columns at $09BC
Pulse           $1B24: 25 entries (3->4 column conversion) - injected
Filter          $1E24: extracted from 3 consecutive columns at $0A07
Filter          $1E24: 26 entries (3->4 column conversion) - injected
Arpeggio        $2124: extracted from 1 column at $0A55
Arpeggio        $2124: 66 entries (1-column extraction) - injected
Tempo           $2224: extracted from 1 column at $0A97
Tempo           $2224: 4 entries (1-column extraction) - injected

Updating DriverCommon with correct addresses:
  Init: $1000 (was $1006)
  Play: $1003 (was $16C8)

Created: output\SIDSF2player_Complete_Pipeline\polyphonic_cpp\New\polyphonic_cpp.sf2
Size: 7,656 bytes
        [OK] Method: TEMPLATE

  [2/12] Packing SF2 -> SID...
        [OK] Size: 7417 bytes

  [3/12] Generating siddumps...
        Original: [OK]
        Exported: [OK]

  [4/12] Rendering WAV files... [SKIPPED - use SID2WAV manually if needed]

  [5/12] Generating hexdumps...
        Original: [OK]
        Exported: [OK]

  [6/12] Generating SIDwinder traces...
        Original: [WARN - needs rebuilt SIDwinder]
        Exported: [OK]

  [7/12] Generating info.txt...
        [ERROR]

  [8/12] Generating annotated disassembly...
        [ERROR]

  [9/12] Generating SIDwinder disassembly...
        Original: [ERROR]
        Exported: [OK]

  [10/12] Validating completion...
        Files: 13/14
        Missing: Original/polyphonic_cpp_original_sidwinder.asm...
        Status: [PARTIAL]

[12/18] Processing: polyphonic_test.sid
--------------------------------------------------------------------------------
  Type: SF2_PACKED
  Name: Plug

  [1/12] Converting SID -> SF2...
Packed SID: load=$0D7E, init=$1006, play=$16C8
Original SF2: load=$0D7E, size=7,656

Extracting tables from packed SID and injecting into original structure:

Instruments     $1784: 175/192 ( 91.1%) - injected
Commands        $1844: 174/192 ( 90.6%) - injected
Wave            $1924: 483/512 ( 94.3%) - injected
Pulse           $1B24: 997/1024 ( 97.4%) - injected
Filter          $1E24: 1008/1024 ( 98.4%) - injected
Arpeggio        $2124: 256/256 (100.0%) - injected
Tempo           $2224: 253/256 ( 98.8%) - injected

Updating DriverCommon with correct addresses:
  Init: $1006 (was $1006)
  Play: $16C8 (was $16C8)

Created: output\SIDSF2player_Complete_Pipeline\polyphonic_test\New\polyphonic_test.sf2
Size: 7,656 bytes
        [OK] Method: TEMPLATE

  [2/12] Packing SF2 -> SID...
        [OK] Size: 7417 bytes

  [3/12] Generating siddumps...
        Original: [OK]
        Exported: [OK]

  [4/12] Rendering WAV files... [SKIPPED - use SID2WAV manually if needed]

  [5/12] Generating hexdumps...
        Original: [OK]
        Exported: [OK]

  [6/12] Generating SIDwinder traces...
        Original: [OK]
        Exported: [OK]

  [7/12] Generating info.txt...
        [ERROR]

  [8/12] Generating annotated disassembly...
        [ERROR]

  [9/12] Generating SIDwinder disassembly...
        Original: [ERROR]
        Exported: [OK]

  [10/12] Validating completion...
        Files: 13/14
        Missing: Original/polyphonic_test_original_sidwinder.asm...
        Status: [PARTIAL]

[13/18] Processing: SF2packed_new1_Stiensens_last_night_of_89.sid
--------------------------------------------------------------------------------
  Type: SF2_PACKED
  Name: 89

  [1/12] Converting SID -> SF2...
Packed SID: load=$1000, init=$1000, play=$1006
Original SF2: load=$0D7E, size=7,656

Extracting tables from packed SID and injecting into original structure:

Instruments     $1784: extracted from 6 consecutive columns at $087B
Instruments     $1784: 20 entries (6-column extraction) - injected
Commands        $1844: extracted from 3 consecutive columns at $08F3
Commands        $1844: 33 entries (3-column extraction) - injected
Wave            $1924: extracted from 2 consecutive columns at $0958
Wave            $1924: 50 entries (2-column conversion) - injected
Pulse           $1B24: extracted from 3 consecutive columns at $09BC
Pulse           $1B24: 25 entries (3->4 column conversion) - injected
Filter          $1E24: extracted from 3 consecutive columns at $0A07
Filter          $1E24: 26 entries (3->4 column conversion) - injected
Arpeggio        $2124: extracted from 1 column at $0A55
Arpeggio        $2124: 66 entries (1-column extraction) - injected
Tempo           $2224: extracted from 1 column at $0A97
Tempo           $2224: 4 entries (1-column extraction) - injected

Updating DriverCommon with correct addresses:
  Init: $1692 (was $1006)
  Play: $169B (was $16C8)

Created: output\SIDSF2player_Complete_Pipeline\SF2packed_new1_Stiensens_last_night_of_89\New\SF2packed_new1_Stiensens_last_night_of_89.sf2
Size: 7,656 bytes
        [OK] Method: TEMPLATE

  [2/12] Packing SF2 -> SID...
        [OK] Size: 7417 bytes

  [3/12] Generating siddumps...
        Original: [OK]
        Exported: [OK]

  [4/12] Rendering WAV files... [SKIPPED - use SID2WAV manually if needed]

  [5/12] Generating hexdumps...
        Original: [OK]
        Exported: [OK]

  [6/12] Generating SIDwinder traces...
        Original: [OK]
        Exported: [OK]

  [7/12] Generating info.txt...
        [ERROR]

  [8/12] Generating annotated disassembly...
        [ERROR]

  [9/12] Generating SIDwinder disassembly...
        Original: [OK]
        Exported: [OK]

  [10/12] Validating completion...
        Files: 14/14
        Status: [COMPLETE]

[14/18] Processing: SF2packed_Stinsens_Last_Night_of_89.sid
--------------------------------------------------------------------------------
  Type: SF2_PACKED
  Name: Stinsen 89 SF2 packed

  [1/12] Converting SID -> SF2...
Packed SID: load=$1000, init=$1000, play=$1006
Original SF2: load=$0D7E, size=7,656

Extracting tables from packed SID and injecting into original structure:

Instruments     $1784: extracted from 6 consecutive columns at $087B
Instruments     $1784: 20 entries (6-column extraction) - injected
Commands        $1844: extracted from 3 consecutive columns at $08F3
Commands        $1844: 33 entries (3-column extraction) - injected
Wave            $1924: extracted from 2 consecutive columns at $0958
Wave            $1924: 50 entries (2-column conversion) - injected
Pulse           $1B24: extracted from 3 consecutive columns at $09BC
Pulse           $1B24: 25 entries (3->4 column conversion) - injected
Filter          $1E24: extracted from 3 consecutive columns at $0A07
Filter          $1E24: 26 entries (3->4 column conversion) - injected
Arpeggio        $2124: extracted from 1 column at $0A55
Arpeggio        $2124: 66 entries (1-column extraction) - injected
Tempo           $2224: extracted from 1 column at $0A97
Tempo           $2224: 4 entries (1-column extraction) - injected

Updating DriverCommon with correct addresses:
  Init: $1692 (was $1006)
  Play: $169B (was $16C8)

Created: output\SIDSF2player_Complete_Pipeline\SF2packed_Stinsens_Last_Night_of_89\New\SF2packed_Stinsens_Last_Night_of_89.sf2
Size: 7,656 bytes
        [OK] Method: TEMPLATE

  [2/12] Packing SF2 -> SID...
        [OK] Size: 7417 bytes

  [3/12] Generating siddumps...
        Original: [OK]
        Exported: [OK]

  [4/12] Rendering WAV files... [SKIPPED - use SID2WAV manually if needed]

  [5/12] Generating hexdumps...
        Original: [OK]
        Exported: [OK]

  [6/12] Generating SIDwinder traces...
        Original: [OK]
        Exported: [OK]

  [7/12] Generating info.txt...
        [ERROR]

  [8/12] Generating annotated disassembly...
        [ERROR]

  [9/12] Generating SIDwinder disassembly...
        Original: [OK]
        Exported: [OK]

  [10/12] Validating completion...
        Files: 14/14
        Status: [COMPLETE]

[15/18] Processing: Staying_Alive.sid
--------------------------------------------------------------------------------
  Type: LAXITY
  Name: Staying Alive

  [1/12] Converting SID -> SF2...
        [ERROR] Conversion failed

[16/18] Processing: Stinsens_Last_Night_of_89.sid
--------------------------------------------------------------------------------
  Type: SF2_PACKED
  Name: Stinsen's Last Night of '89

  [1/12] Converting SID -> SF2...
Packed SID: load=$1000, init=$1000, play=$1006
Original SF2: load=$0D7E, size=7,656

Extracting tables from packed SID and injecting into original structure:

Instruments     $1784: extracted from 6 consecutive columns at $087B
Instruments     $1784: 20 entries (6-column extraction) - injected
Commands        $1844: extracted from 3 consecutive columns at $08F3
Commands        $1844: 33 entries (3-column extraction) - injected
Wave            $1924: extracted from 2 consecutive columns at $0958
Wave            $1924: 50 entries (2-column conversion) - injected
Pulse           $1B24: extracted from 3 consecutive columns at $09BC
Pulse           $1B24: 25 entries (3->4 column conversion) - injected
Filter          $1E24: extracted from 3 consecutive columns at $0A07
Filter          $1E24: 26 entries (3->4 column conversion) - injected
Arpeggio        $2124: extracted from 1 column at $0A55
Arpeggio        $2124: 66 entries (1-column extraction) - injected
Tempo           $2224: extracted from 1 column at $0A97
Tempo           $2224: 4 entries (1-column extraction) - injected

Updating DriverCommon with correct addresses:
  Init: $1692 (was $1006)
  Play: $169B (was $16C8)

Created: output\SIDSF2player_Complete_Pipeline\Stinsens_Last_Night_of_89\New\Stinsens_Last_Night_of_89.sf2
Size: 7,656 bytes
        [OK] Method: TEMPLATE

  [2/12] Packing SF2 -> SID...
        [OK] Size: 7417 bytes

  [3/12] Generating siddumps...
        Original: [OK]
        Exported: [OK]

  [4/12] Rendering WAV files... [SKIPPED - use SID2WAV manually if needed]

  [5/12] Generating hexdumps...
        Original: [OK]
        Exported: [OK]

  [6/12] Generating SIDwinder traces...
        Original: [OK]
        Exported: [OK]

  [7/12] Generating info.txt...
        [ERROR]

  [8/12] Generating annotated disassembly...
        [ERROR]

  [9/12] Generating SIDwinder disassembly...
        Original: [OK]
        Exported: [OK]

  [10/12] Validating completion...
        Files: 10/14
        Missing: New/Stinsens_Last_Night_of_89_exported.wav, New/info.txt, New/Stinsens_Last_Night_of_89_exported_disassembly.md...
        Status: [PARTIAL]

[17/18] Processing: test_broware_packed_only.sid
--------------------------------------------------------------------------------
  Type: SF2_PACKED
  Name: Broware Test

  [1/12] Converting SID -> SF2...
Packed SID: load=$1000, init=$1000, play=$1003
Original SF2: load=$0D7E, size=7,656

Extracting tables from packed SID and injecting into original structure:

Instruments     $1784: extracted from 6 consecutive columns at $087B
Instruments     $1784: 20 entries (6-column extraction) - injected
Commands        $1844: extracted from 3 consecutive columns at $08F3
Commands        $1844: 33 entries (3-column extraction) - injected
Wave            $1924: extracted from 2 consecutive columns at $0958
Wave            $1924: 50 entries (2-column conversion) - injected
Pulse           $1B24: extracted from 3 consecutive columns at $09BC
Pulse           $1B24: 25 entries (3->4 column conversion) - injected
Filter          $1E24: extracted from 3 consecutive columns at $0A07
Filter          $1E24: 26 entries (3->4 column conversion) - injected
Arpeggio        $2124: extracted from 1 column at $0A55
Arpeggio        $2124: 66 entries (1-column extraction) - injected
Tempo           $2224: extracted from 1 column at $0A97
Tempo           $2224: 4 entries (1-column extraction) - injected

Updating DriverCommon with correct addresses:
  Init: $169A (was $1006)
  Play: $16A3 (was $16C8)

Created: output\SIDSF2player_Complete_Pipeline\test_broware_packed_only\New\test_broware_packed_only.sf2
Size: 7,656 bytes
        [OK] Method: TEMPLATE

  [2/12] Packing SF2 -> SID...
        [OK] Size: 7417 bytes

  [3/12] Generating siddumps...
        Original: [OK]
        Exported: [OK]

  [4/12] Rendering WAV files... [SKIPPED - use SID2WAV manually if needed]

  [5/12] Generating hexdumps...
        Original: [OK]
        Exported: [OK]

  [6/12] Generating SIDwinder traces...
        Original: [OK]
        Exported: [OK]

  [7/12] Generating info.txt...
        [ERROR]

  [8/12] Generating annotated disassembly...
        [ERROR]

  [9/12] Generating SIDwinder disassembly...
        Original: [OK]
        Exported: [OK]

  [10/12] Validating completion...
        Files: 14/14
        Status: [COMPLETE]

[18/18] Processing: tie_notes_test.sid
--------------------------------------------------------------------------------
  Type: SF2_PACKED
  Name: Gliss. reset

  [1/12] Converting SID -> SF2...
Packed SID: load=$0D7E, init=$1006, play=$16C8
Original SF2: load=$0D7E, size=7,656

Extracting tables from packed SID and injecting into original structure:

Instruments     $1784: 175/192 ( 91.1%) - injected
Commands        $1844: 174/192 ( 90.6%) - injected
Wave            $1924: 486/512 ( 94.9%) - injected
Pulse           $1B24: 1015/1024 ( 99.1%) - injected
Filter          $1E24: 1008/1024 ( 98.4%) - injected
Arpeggio        $2124: 256/256 (100.0%) - injected
Tempo           $2224: 255/256 ( 99.6%) - injected

Updating DriverCommon with correct addresses:
  Init: $1006 (was $1006)
  Play: $16C8 (was $16C8)

Created: output\SIDSF2player_Complete_Pipeline\tie_notes_test\New\tie_notes_test.sf2
Size: 7,656 bytes
        [OK] Method: TEMPLATE

  [2/12] Packing SF2 -> SID...
        [OK] Size: 7456 bytes

  [3/12] Generating siddumps...
        Original: [OK]
        Exported: [OK]

  [4/12] Rendering WAV files... [SKIPPED - use SID2WAV manually if needed]

  [5/12] Generating hexdumps...
        Original: [OK]
        Exported: [OK]

  [6/12] Generating SIDwinder traces...
        Original: [OK]
        Exported: [OK]

  [7/12] Generating info.txt...
        [ERROR]

  [8/12] Generating annotated disassembly...
        [ERROR]

  [9/12] Generating SIDwinder disassembly...
        Original: [ERROR]
        Exported: [OK]

  [10/12] Validating completion...
        Files: 13/14
        Missing: Original/tie_notes_test_original_sidwinder.asm...
        Status: [PARTIAL]

================================================================================
PIPELINE SUMMARY
================================================================================

Total files: 18
  Complete: 11/18
  Partial:  7/18

================================================================================
Completed: 2025-12-09 21:51:28
Output: output\SIDSF2player_Complete_Pipeline
================================================================================
